<?xml version="1.0" encoding="UTF-8"?>
<!-- Generated by org.testng.reporters.JUnitReportReporter -->
<testsuite skipped="0" hostname="DESKTOP-5A0GL55" name="test.LoginTest" tests="2" failures="0" timestamp="2022-09-11T15:37:06 AST" time="6.267" errors="0">
  <testcase name="LoginValidTest" time="2.715" classname="test.LoginTest"/>
  <system-out/>
  <testcase name="InvalidLoginTest" time="3.552" classname="test.LoginTest"/>
  <system-out/>
</testsuite> <!-- test.LoginTest -->
